TN:
SF:script/YieldHarvestingHook.s.sol
DA:17,0
FN:17,YieldHarvestingHookScript.run
FNDA:0,YieldHarvestingHookScript.run
DA:18,0
DA:19,0
DA:21,0
DA:25,0
DA:26,0
DA:27,0
FNF:1
FNH:0
LF:7
LH:0
BRF:0
BRH:0
end_of_record
TN:
SF:script/periphery/CreatePools.s.sol
DA:33,0
FN:33,CreatePoolsScript._currencyToIERC20
FNDA:0,CreatePoolsScript._currencyToIERC20
DA:34,0
DA:37,0
FN:37,CreatePoolsScript.run
FNDA:0,CreatePoolsScript.run
DA:38,0
DA:39,0
DA:41,0
DA:49,0
BRDA:49,0,0,-
BRDA:49,0,1,-
DA:55,0
DA:57,0
DA:59,0
DA:60,0
DA:62,0
BRDA:62,1,0,-
BRDA:62,1,1,-
DA:63,0
BRDA:63,2,0,-
BRDA:63,2,1,-
DA:65,0
DA:69,0
DA:71,0
BRDA:71,3,0,-
DA:72,0
DA:75,0
DA:77,0
DA:87,0
DA:89,0
BRDA:89,4,0,-
BRDA:89,4,1,-
DA:92,0
DA:95,0
DA:97,0
DA:99,0
DA:103,0
DA:106,0
FN:106,CreatePoolsScript.addLiquidity
FNDA:0,CreatePoolsScript.addLiquidity
DA:115,0
DA:118,0
BRDA:118,5,0,-
DA:119,0
DA:123,0
DA:126,0
BRDA:126,6,0,-
DA:127,0
DA:131,0
FNF:3
FNH:0
LF:34
LH:0
BRF:11
BRH:0
end_of_record
TN:
SF:script/periphery/PeripheryContracts.s.sol
DA:23,0
FN:23,PeripheryContractsScript.run
FNDA:0,PeripheryContractsScript.run
DA:24,0
DA:25,0
DA:27,0
DA:28,0
DA:29,0
DA:32,0
DA:38,0
DA:40,0
DA:41,0
DA:47,0
DA:49,0
DA:57,0
DA:59,0
DA:60,0
DA:62,0
DA:64,0
FNF:1
FNH:0
LF:17
LH:0
BRF:0
BRH:0
end_of_record
TN:
SF:src/ERC4626VaultWrapperFactory.sol
DA:26,50
FN:26,ERC4626VaultWrapperFactory.constructor
FNDA:50,ERC4626VaultWrapperFactory.constructor
DA:27,50
DA:28,50
DA:29,50
DA:30,50
DA:33,840073
FN:33,ERC4626VaultWrapperFactory._generateSalt
FNDA:840073,ERC4626VaultWrapperFactory._generateSalt
DA:38,840073
DA:41,840063
FN:41,ERC4626VaultWrapperFactory._deployVaultWrapper
FNDA:840063,ERC4626VaultWrapperFactory._deployVaultWrapper
DA:45,840063
DA:50,560038
FN:50,ERC4626VaultWrapperFactory._initializePool
FNDA:560038,ERC4626VaultWrapperFactory._initializePool
DA:53,560038
DA:54,560038
DA:57,139749
FN:57,ERC4626VaultWrapperFactory.createERC4626VaultPool
FNDA:139749,ERC4626VaultWrapperFactory.createERC4626VaultPool
DA:64,139749
DA:72,139747
DA:80,139747
DA:83,139743
FN:83,ERC4626VaultWrapperFactory.createERC4626VaultToTokenPool
FNDA:139743,ERC4626VaultWrapperFactory.createERC4626VaultToTokenPool
DA:90,139743
DA:98,139743
DA:101,3
FN:101,ERC4626VaultWrapperFactory.createAaveToERC4626Pool
FNDA:3,ERC4626VaultWrapperFactory.createAaveToERC4626Pool
DA:108,3
DA:114,3
DA:122,3
DA:125,140273
FN:125,ERC4626VaultWrapperFactory.createAaveToTokenPool
FNDA:140273,ERC4626VaultWrapperFactory.createAaveToTokenPool
DA:129,140273
DA:133,140273
DA:136,140273
FN:136,ERC4626VaultWrapperFactory.createAavePool
FNDA:140273,ERC4626VaultWrapperFactory.createAavePool
DA:140,140273
DA:144,140272
DA:148,140272
DA:151,5
FN:151,ERC4626VaultWrapperFactory.setWrapperFeeParameters
FNDA:5,ERC4626VaultWrapperFactory.setWrapperFeeParameters
DA:152,4
DA:155,2
FN:155,ERC4626VaultWrapperFactory.predictERC4626VaultPoolKey
FNDA:2,ERC4626VaultWrapperFactory.predictERC4626VaultPoolKey
DA:161,2
DA:164,2
DA:168,2
DA:171,1
FN:171,ERC4626VaultWrapperFactory.predictERC4626VaultToTokenPoolKey
FNDA:1,ERC4626VaultWrapperFactory.predictERC4626VaultToTokenPoolKey
DA:176,1
DA:177,1
DA:179,1
DA:182,1
FN:182,ERC4626VaultWrapperFactory.predictAaveToERC4626PoolKey
FNDA:1,ERC4626VaultWrapperFactory.predictAaveToERC4626PoolKey
DA:187,1
DA:188,1
DA:189,1
DA:190,1
DA:192,1
DA:195,1
FN:195,ERC4626VaultWrapperFactory.predictAaveToTokenPoolKey
FNDA:1,ERC4626VaultWrapperFactory.predictAaveToTokenPoolKey
DA:200,1
DA:202,1
DA:205,1
FN:205,ERC4626VaultWrapperFactory.predictAavePoolKey
FNDA:1,ERC4626VaultWrapperFactory.predictAavePoolKey
DA:210,1
DA:211,1
DA:212,1
DA:213,1
DA:215,1
DA:218,10
FN:218,ERC4626VaultWrapperFactory._predictVaultWrapperAddress
FNDA:10,ERC4626VaultWrapperFactory._predictVaultWrapperAddress
DA:225,10
DA:226,10
DA:228,10
DA:231,560044
FN:231,ERC4626VaultWrapperFactory._buildPoolKey
FNDA:560044,ERC4626VaultWrapperFactory._buildPoolKey
DA:236,560044
DA:238,560044
FNF:17
FNH:17
LF:62
LH:62
BRF:0
BRH:0
end_of_record
TN:
SF:src/YieldHarvestingHook.sol
DA:23,50
FN:23,YieldHarvestingHook.constructor
FNDA:50,YieldHarvestingHook.constructor
DA:24,50
DA:27,220000
FN:27,YieldHarvestingHook.harvestAndDistributeYield
FNDA:220000,YieldHarvestingHook.harvestAndDistributeYield
DA:28,220000
DA:30,220000
BRDA:30,0,0,220000
DA:31,220000
DA:32,220000
DA:34,220000
BRDA:34,1,0,53635
DA:35,53635
DA:37,53635
BRDA:37,2,0,49322
DA:38,49322
DA:39,49322
DA:40,49322
DA:43,53635
BRDA:43,3,0,48308
DA:44,48308
DA:45,48308
DA:46,48308
DA:54,50
FN:54,YieldHarvestingHook.getHookPermissions
FNDA:50,YieldHarvestingHook.getHookPermissions
DA:55,50
DA:74,630038
FN:74,YieldHarvestingHook._beforeInitialize
FNDA:630038,YieldHarvestingHook._beforeInitialize
DA:75,630038
BRDA:75,4,0,70000
DA:76,70000
DA:78,560038
DA:81,230020
FN:81,YieldHarvestingHook._beforeAddLiquidity
FNDA:230020,YieldHarvestingHook._beforeAddLiquidity
DA:87,230020
DA:90,220000
FN:90,YieldHarvestingHook._beforeRemoveLiquidity
FNDA:220000,YieldHarvestingHook._beforeRemoveLiquidity
DA:96,220000
DA:99,180000
FN:99,YieldHarvestingHook._beforeSwap
FNDA:180000,YieldHarvestingHook._beforeSwap
DA:105,180000
DA:108,840000
FN:108,YieldHarvestingHook._getPendingYield
FNDA:840000,YieldHarvestingHook._getPendingYield
DA:109,840000
DA:111,840000
BRDA:111,5,0,840000
DA:112,680000
DA:113,160000
BRDA:113,5,1,160000
DA:114,160000
DA:118,1090791
FN:118,YieldHarvestingHook._currencyToVaultWrapper
FNDA:1090791,YieldHarvestingHook._currencyToVaultWrapper
DA:119,1090791
FNF:9
FNH:9
LF:37
LH:37
BRF:7
BRH:7
end_of_record
TN:
SF:src/periphery/AssetToAssetSwapHookForERC4626.sol
DA:71,17
FN:71,AssetToAssetSwapHookForERC4626.constructor
FNDA:17,AssetToAssetSwapHookForERC4626.constructor
DA:75,17
DA:78,70000
FN:78,AssetToAssetSwapHookForERC4626._beforeSwap
FNDA:70000,AssetToAssetSwapHookForERC4626._beforeSwap
DA:83,70000
DA:85,70000
DA:87,70000
DA:88,70000
DA:90,35021
BRDA:90,0,0,35021
BRDA:90,0,1,17350
DA:91,35021
DA:93,35021
DA:102,34979
DA:104,34979
DA:114,70000
DA:116,70000
DA:119,50000
FN:119,AssetToAssetSwapHookForERC4626.invertSqrtPriceX96
FNDA:50000,AssetToAssetSwapHookForERC4626.invertSqrtPriceX96
DA:120,50000
DA:121,50000
BRDA:121,1,0,25206
DA:122,25206
DA:124,24794
BRDA:124,2,0,-
DA:125,0
DA:142,70000
FN:142,AssetToAssetSwapHookForERC4626._initializeSwapContext
FNDA:70000,AssetToAssetSwapHookForERC4626._initializeSwapContext
DA:147,70000
DA:148,70000
DA:151,70000
BRDA:151,3,0,55021
BRDA:151,3,1,14979
DA:152,55021
DA:154,14979
DA:155,14979
DA:163,70000
BRDA:163,4,0,-
DA:164,0
DA:167,70000
BRDA:167,5,0,-
DA:168,0
DA:171,70000
DA:172,70000
DA:174,70000
DA:177,70000
DA:181,70000
DA:184,70000
DA:186,70000
DA:189,70000
DA:203,35021
FN:203,AssetToAssetSwapHookForERC4626._handleExactInputSwap
FNDA:35021,AssetToAssetSwapHookForERC4626._handleExactInputSwap
DA:207,35021
DA:210,35021
DA:211,35021
DA:214,35021
DA:225,35021
DA:231,34979
FN:231,AssetToAssetSwapHookForERC4626._handleExactOutputSwap
FNDA:34979,AssetToAssetSwapHookForERC4626._handleExactOutputSwap
DA:235,34979
DA:237,34979
DA:238,34979
BRDA:238,6,0,29986
BRDA:238,6,1,29986
DA:240,29986
DA:241,29986
DA:244,4993
DA:248,34979
DA:259,34979
DA:264,34979
DA:270,70000
FN:270,AssetToAssetSwapHookForERC4626._calculateReturnDelta
FNDA:70000,AssetToAssetSwapHookForERC4626._calculateReturnDelta
DA:275,70000
DA:281,35021
FN:281,AssetToAssetSwapHookForERC4626._convertAssetToVaultWrapper
FNDA:35021,AssetToAssetSwapHookForERC4626._convertAssetToVaultWrapper
DA:287,35021
DA:288,35021
BRDA:288,7,0,30014
BRDA:288,7,1,7044
DA:289,30014
DA:291,30014
BRDA:291,8,1,7044
DA:292,22970
BRDA:292,8,0,22970
DA:293,22970
DA:294,22970
DA:299,7044
DA:300,7044
DA:303,5007
DA:305,35021
DA:309,70000
FN:309,AssetToAssetSwapHookForERC4626._performVaultWrapperSwap
FNDA:70000,AssetToAssetSwapHookForERC4626._performVaultWrapperSwap
DA:316,70000
DA:322,70000
DA:324,35021
BRDA:324,9,0,35021
BRDA:324,9,1,17615
DA:325,35021
DA:327,34979
DA:332,35021
FN:332,AssetToAssetSwapHookForERC4626._convertVaultWrapperToAsset
FNDA:35021,AssetToAssetSwapHookForERC4626._convertVaultWrapperToAsset
DA:338,35021
DA:339,35021
BRDA:339,10,0,30028
BRDA:339,10,1,7044
DA:340,30028
DA:342,30028
BRDA:342,11,0,22984
BRDA:342,11,1,7044
DA:343,22984
DA:344,22984
DA:349,7044
DA:350,7044
DA:353,4993
DA:355,35021
DA:359,34979
FN:359,AssetToAssetSwapHookForERC4626._mintVaultWrapperShares
FNDA:34979,AssetToAssetSwapHookForERC4626._mintVaultWrapperShares
DA:365,34979
DA:367,34979
BRDA:367,12,0,29972
BRDA:367,12,1,6959
DA:369,29972
DA:371,29972
BRDA:371,13,1,6959
DA:372,23013
BRDA:372,13,0,23013
DA:373,23013
DA:374,23013
DA:384,6959
DA:385,6959
DA:388,5007
DA:390,34979
DA:394,34979
FN:394,AssetToAssetSwapHookForERC4626._withdrawVaultWrapperToAsset
FNDA:34979,AssetToAssetSwapHookForERC4626._withdrawVaultWrapperToAsset
DA:401,34979
DA:403,34979
BRDA:403,14,1,6960
BRDA:403,14,0,29986
DA:404,29986
BRDA:404,15,0,23026
BRDA:404,15,1,6960
DA:405,23026
DA:406,23026
DA:415,6960
DA:416,6960
DA:419,34979
DA:422,14983
FN:422,AssetToAssetSwapHookForERC4626.setDefaultVaultWrappers
FNDA:14983,AssetToAssetSwapHookForERC4626.setDefaultVaultWrappers
DA:429,14981
DA:430,14981
DA:434,14981
DA:439,90084
FN:439,AssetToAssetSwapHookForERC4626.unlockCallback
FNDA:90084,AssetToAssetSwapHookForERC4626.unlockCallback
DA:440,90084
DA:441,90084
DA:443,90084
DA:444,90084
DA:446,80084
BRDA:446,16,0,80084
BRDA:446,16,1,20000
DA:447,80084
BRDA:447,17,0,60084
BRDA:447,17,1,20000
DA:448,20000
DA:450,10000
DA:455,60084
FN:455,AssetToAssetSwapHookForERC4626._addWarmLiquidity
FNDA:60084,AssetToAssetSwapHookForERC4626._addWarmLiquidity
DA:462,60084
DA:464,60084
DA:465,60084
DA:466,60084
DA:467,60084
DA:468,60084
DA:470,60084
DA:471,60084
DA:472,60084
DA:473,60084
DA:475,60084
DA:476,60084
DA:478,60084
DA:481,10000
FN:481,AssetToAssetSwapHookForERC4626._removeWarmLiquidity
FNDA:10000,AssetToAssetSwapHookForERC4626._removeWarmLiquidity
DA:488,10000
DA:489,10000
BRDA:489,18,0,-
DA:490,0
DA:493,10000
DA:494,10000
DA:496,10000
DA:498,10000
DA:499,10000
DA:501,10000
DA:502,10000
DA:504,10000
DA:507,20000
FN:507,AssetToAssetSwapHookForERC4626._rebalance
FNDA:20000,AssetToAssetSwapHookForERC4626._rebalance
DA:508,20000
DA:510,20000
DA:511,20000
DA:512,20000
DA:514,20000
BRDA:514,19,0,6960
BRDA:514,19,1,13040
DA:516,6960
DA:517,6960
DA:519,6960
DA:520,6960
DA:522,6960
DA:525,6960
DA:528,6960
DA:529,6960
DA:531,13040
DA:533,13040
DA:534,13040
DA:536,13040
DA:537,13040
DA:540,13040
DA:541,13040
DA:545,60084
FN:545,AssetToAssetSwapHookForERC4626.addWarmLiquidity
FNDA:60084,AssetToAssetSwapHookForERC4626.addWarmLiquidity
DA:546,60084
BRDA:546,20,0,-
DA:547,60084
DA:550,10000
FN:550,AssetToAssetSwapHookForERC4626.removeWarmLiquidity
FNDA:10000,AssetToAssetSwapHookForERC4626.removeWarmLiquidity
DA:551,10000
DA:554,20000
FN:554,AssetToAssetSwapHookForERC4626.reBalance
FNDA:20000,AssetToAssetSwapHookForERC4626.reBalance
DA:555,20000
DA:558,17
FN:558,AssetToAssetSwapHookForERC4626.getHookPermissions
FNDA:17,AssetToAssetSwapHookForERC4626.getHookPermissions
DA:559,17
FNF:21
FNH:21
LF:176
LH:172
BRF:36
BRH:31
end_of_record
TN:
SF:src/periphery/LiquidityHelper.sol
DA:39,17
FN:39,LiquidityHelper.constructor
FNDA:17,LiquidityHelper.constructor
DA:40,17
DA:41,17
DA:42,17
DA:45,20000
FN:45,LiquidityHelper.onlyOwnerOf
FNDA:20000,LiquidityHelper.onlyOwnerOf
DA:46,20000
BRDA:46,0,0,-
DA:47,0
DA:52,40000
FN:52,LiquidityHelper._pullAndConvertAssets
FNDA:40000,LiquidityHelper._pullAndConvertAssets
DA:58,40000
DA:61,40000
BRDA:61,1,0,40000
DA:62,40000
BRDA:62,2,0,40000
BRDA:62,2,1,-
DA:63,40000
DA:64,0
BRDA:64,3,0,-
DA:65,0
DA:68,40000
BRDA:68,4,0,40000
DA:69,40000
DA:72,40000
DA:73,40000
BRDA:73,5,0,-
DA:74,0
DA:77,40000
DA:78,40000
DA:80,40000
BRDA:80,6,0,40000
BRDA:80,6,1,-
DA:81,40000
DA:82,40000
DA:90,40000
DA:91,40000
DA:93,0
BRDA:93,7,0,-
DA:94,0
DA:98,40000
BRDA:98,8,0,40000
BRDA:98,8,1,-
DA:99,40000
DA:100,40000
DA:108,40000
DA:109,40000
DA:111,0
DA:115,40000
BRDA:115,9,0,20000
DA:116,20000
DA:117,20000
DA:120,40000
DA:123,40000
FN:123,LiquidityHelper._callModifyLiquidity
FNDA:40000,LiquidityHelper._callModifyLiquidity
DA:130,40000
DA:131,40000
DA:132,40000
DA:133,40000
DA:134,40000
DA:135,40000
DA:137,40000
DA:138,40000
DA:139,40000
DA:140,40000
DA:141,40000
DA:142,40000
DA:144,40000
DA:147,20000
FN:147,LiquidityHelper.mintPosition
FNDA:20000,LiquidityHelper.mintPosition
DA:157,20000
DA:159,20000
DA:161,20000
DA:162,20000
DA:164,20000
DA:167,20000
FN:167,LiquidityHelper.increaseLiquidity
FNDA:20000,LiquidityHelper.increaseLiquidity
DA:175,20000
DA:177,20000
DA:178,20000
DA:181,20000
FN:181,LiquidityHelper.decreaseLiquidity
FNDA:20000,LiquidityHelper.decreaseLiquidity
DA:190,20000
DA:191,20000
DA:193,20000
DA:197,20000
BRDA:197,10,0,20000
DA:198,20000
DA:199,20000
DA:201,20000
BRDA:201,11,0,20000
DA:202,20000
DA:203,20000
DA:206,20000
BRDA:206,12,0,10000
DA:207,10000
DA:210,20000
DA:211,20000
DA:212,20000
DA:214,20000
DA:215,20000
DA:216,20000
DA:218,20000
DA:221,20000
BRDA:221,13,0,20000
BRDA:221,13,1,20000
DA:222,20000
DA:223,20000
DA:232,0
DA:235,20000
BRDA:235,14,0,20000
BRDA:235,14,1,20000
DA:236,20000
DA:237,20000
DA:246,0
DA:250,0
FN:250,LiquidityHelper.collectFees
FNDA:0,LiquidityHelper.collectFees
DA:258,0
FNF:8
FNH:7
LF:91
LH:80
BRF:20
BRH:13
end_of_record
TN:
SF:src/periphery/base/BaseAssetToVaultWrapperHelper.sol
DA:14,139930
FN:14,BaseAssetToVaultWrapperHelper._deposit
FNDA:139930,BaseAssetToVaultWrapperHelper._deposit
DA:22,139930
DA:23,139930
DA:24,139930
DA:30,139930
FN:30,BaseAssetToVaultWrapperHelper._depositInUnderlyingVault
FNDA:139930,BaseAssetToVaultWrapperHelper._depositInUnderlyingVault
DA:37,139930
DA:40,279860
FN:40,BaseAssetToVaultWrapperHelper._depositIntoERC4626Vault
FNDA:279860,BaseAssetToVaultWrapperHelper._depositIntoERC4626Vault
DA:44,279860
BRDA:44,0,0,30000
DA:46,279860
BRDA:46,1,0,279860
DA:47,99916
DA:48,179944
BRDA:48,1,1,179944
DA:50,179944
DA:51,179944
DA:55,119050
FN:55,BaseAssetToVaultWrapperHelper._redeem
FNDA:119050,BaseAssetToVaultWrapperHelper._redeem
DA:59,119050
DA:60,119050
DA:64,119050
FN:64,BaseAssetToVaultWrapperHelper._redeemFromUnderlyingVault
FNDA:119050,BaseAssetToVaultWrapperHelper._redeemFromUnderlyingVault
DA:69,119050
DA:73,238100
FN:73,BaseAssetToVaultWrapperHelper._redeemFromERC4626Vault
FNDA:238100,BaseAssetToVaultWrapperHelper._redeemFromERC4626Vault
DA:77,238100
DA:80,93097
FN:80,BaseAssetToVaultWrapperHelper._mint
FNDA:93097,BaseAssetToVaultWrapperHelper._mint
DA:88,93097
DA:89,93097
DA:90,93097
DA:93,93097
FN:93,BaseAssetToVaultWrapperHelper._mintInUnderlyingVault
FNDA:93097,BaseAssetToVaultWrapperHelper._mintInUnderlyingVault
DA:98,93097
DA:101,186194
FN:101,BaseAssetToVaultWrapperHelper._mintERC4626VaultShares
FNDA:186194,BaseAssetToVaultWrapperHelper._mintERC4626VaultShares
DA:105,186194
BRDA:105,2,0,10000
DA:107,186194
BRDA:107,3,0,186194
DA:108,6082
DA:109,180112
BRDA:109,3,1,180112
DA:111,180112
DA:112,180112
DA:116,10000
FN:116,BaseAssetToVaultWrapperHelper._withdraw
FNDA:10000,BaseAssetToVaultWrapperHelper._withdraw
DA:120,10000
DA:121,10000
DA:122,10000
DA:125,10000
FN:125,BaseAssetToVaultWrapperHelper._withdrawFromUnderlyingVault
FNDA:10000,BaseAssetToVaultWrapperHelper._withdrawFromUnderlyingVault
DA:130,10000
DA:133,20000
FN:133,BaseAssetToVaultWrapperHelper._withdrawFromERC4626Vault
FNDA:20000,BaseAssetToVaultWrapperHelper._withdrawFromERC4626Vault
DA:137,20000
DA:140,260000
FN:140,BaseAssetToVaultWrapperHelper._getUnderlyingVault
FNDA:260000,BaseAssetToVaultWrapperHelper._getUnderlyingVault
DA:141,260000
DA:142,260000
DA:143,260000
DA:144,260000
DA:146,260000
FNF:13
FNH:13
LF:47
LH:47
BRF:6
BRH:6
end_of_record
TN:
SF:src/vaultWrappers/AaveWrapper.sol
DA:15,1425306
FN:15,AaveWrapper._convertToShares
FNDA:1425306,AaveWrapper._convertToShares
DA:16,1425306
DA:19,300000
FN:19,AaveWrapper._convertToAssets
FNDA:300000,AaveWrapper._convertToAssets
DA:20,300000
DA:24,882452
FN:24,AaveWrapper._getMaxWithdrawableUnderlyingAssets
FNDA:882452,AaveWrapper._getMaxWithdrawableUnderlyingAssets
DA:25,882452
FNF:3
FNH:3
LF:6
LH:6
BRF:0
BRH:0
end_of_record
TN:
SF:src/vaultWrappers/ERC4626VaultWrapper.sol
DA:20,59986
FN:20,ERC4626VaultWrapper.previewMint
FNDA:59986,ERC4626VaultWrapper.previewMint
DA:21,169972
DA:24,35007
FN:24,ERC4626VaultWrapper.previewWithdraw
FNDA:35007,ERC4626VaultWrapper.previewWithdraw
DA:25,115007
DA:28,24993
FN:28,ERC4626VaultWrapper.previewDeposit
FNDA:24993,ERC4626VaultWrapper.previewDeposit
DA:29,1538088
DA:32,25007
FN:32,ERC4626VaultWrapper.previewRedeem
FNDA:25007,ERC4626VaultWrapper.previewRedeem
DA:33,155021
DA:36,60000
FN:36,ERC4626VaultWrapper.convertToShares
FNDA:60000,ERC4626VaultWrapper.convertToShares
DA:37,60000
DA:40,70000
FN:40,ERC4626VaultWrapper.convertToAssets
FNDA:70000,ERC4626VaultWrapper.convertToAssets
DA:41,160000
DA:44,10000
FN:44,ERC4626VaultWrapper.maxWithdraw
FNDA:10000,ERC4626VaultWrapper.maxWithdraw
DA:45,90000
DA:48,3287902
FN:48,ERC4626VaultWrapper._underlyingVault
FNDA:3287902,ERC4626VaultWrapper._underlyingVault
DA:49,3287902
DA:52,1089814
FN:52,ERC4626VaultWrapper._getMaxWithdrawableUnderlyingAssets
FNDA:1089814,ERC4626VaultWrapper._getMaxWithdrawableUnderlyingAssets
DA:53,1089814
DA:54,1089814
FNF:9
FNH:9
LF:19
LH:19
BRF:0
BRH:0
end_of_record
TN:
SF:src/vaultWrappers/base/BaseVaultWrapper.sol
DA:34,52
FN:34,BaseVaultWrapper.getFactory
FNDA:52,BaseVaultWrapper.getFactory
DA:35,520057
DA:38,52
FN:38,BaseVaultWrapper.getYieldHarvestingHook
FNDA:52,BaseVaultWrapper.getYieldHarvestingHook
DA:39,862388
DA:42,52
FN:42,BaseVaultWrapper.getUnderlyingVault
FNDA:52,BaseVaultWrapper.getUnderlyingVault
DA:43,7850437
DA:46,9232882
FN:46,BaseVaultWrapper.getImmutableArgAddress
FNDA:9232882,BaseVaultWrapper.getImmutableArgAddress
DA:47,9232882
DA:48,9232882
DA:49,9232882
DA:54,1
FN:54,BaseVaultWrapper.name
FNDA:1,BaseVaultWrapper.name
DA:55,1
DA:58,1
FN:58,BaseVaultWrapper.symbol
FNDA:1,BaseVaultWrapper.symbol
DA:59,1
DA:62,3
FN:62,BaseVaultWrapper.decimals
FNDA:3,BaseVaultWrapper.decimals
DA:63,3
DA:66,220010
FN:66,BaseVaultWrapper.asset
FNDA:220010,BaseVaultWrapper.asset
DA:67,7850380
DA:70,520005
FN:70,BaseVaultWrapper.setFeeParameters
FNDA:520005,BaseVaultWrapper.setFeeParameters
DA:71,520005
BRDA:71,0,0,1
DA:72,520004
BRDA:72,1,0,1
DA:73,520003
BRDA:73,2,0,1
DA:75,520002
DA:76,520002
DA:78,520002
DA:81,930000
FN:81,BaseVaultWrapper.pendingYield
FNDA:930000,BaseVaultWrapper.pendingYield
DA:82,1620721
DA:83,1620721
BRDA:83,3,0,622535
DA:85,998186
DA:87,998186
DA:90,351545
FN:90,BaseVaultWrapper.totalPendingYield
FNDA:351545,BaseVaultWrapper.totalPendingYield
DA:91,1972266
DA:92,1972266
DA:93,1972266
BRDA:93,4,0,1343999
DA:94,1343999
DA:96,628267
DA:99,998186
FN:99,BaseVaultWrapper._calculateFees
FNDA:998186,BaseVaultWrapper._calculateFees
DA:100,998186
BRDA:100,5,0,652373
DA:101,652373
DA:103,345813
DA:106,862336
FN:106,BaseVaultWrapper.harvest
FNDA:862336,BaseVaultWrapper.harvest
DA:107,862336
BRDA:107,6,0,171615
DA:108,690721
DA:109,690721
BRDA:109,7,0,335889
DA:110,335889
DA:112,690721
BRDA:112,8,0,596604
DA:113,596604
DA:118,88385
FN:118,BaseVaultWrapper.burn
FNDA:88385,BaseVaultWrapper.burn
DA:119,88385
DA:122,0
FN:122,BaseVaultWrapper.burnFrom
FNDA:0,BaseVaultWrapper.burnFrom
DA:123,0
DA:124,0
FNF:15
FNH:14
LF:52
LH:49
BRF:9
BRH:9
end_of_record
TN:
SF:test/AaveWrapperERC4626ness.t.sol
DA:15,26
FN:15,AaveWrapperERC4626nessTest.setUp
FNDA:26,AaveWrapperERC4626nessTest.setUp
DA:16,26
DA:18,26
DA:25,0
FN:25,AaveWrapperERC4626nessTest.setUpYield
FNDA:0,AaveWrapperERC4626nessTest.setUpYield
DA:26,260000
BRDA:26,0,0,179930
DA:28,179930
DA:31,179930
BRDA:31,1,0,179930
DA:34,179930
DA:35,179930
DA:38,179930
DA:39,179930
DA:41,179930
DA:43,179930
DA:44,179930
DA:46,179930
DA:48,179930
DA:50,179930
DA:51,179930
DA:53,179930
DA:59,179930
DA:64,0
BRDA:64,1,1,-
DA:65,0
FNF:2
FNH:1
LF:22
LH:19
BRF:3
BRH:2
end_of_record
TN:
SF:test/ERC4626VaultWrapperFactory.t.sol
DA:22,0
FN:22,MockAToken.UNDERLYING_ASSET_ADDRESS
FNDA:0,MockAToken.UNDERLYING_ASSET_ADDRESS
DA:23,0
DA:26,0
FN:26,MockAToken.name.0
FNDA:0,MockAToken.name.0
DA:27,0
DA:30,0
FN:30,MockAToken.symbol.0
FNDA:0,MockAToken.symbol.0
DA:31,0
DA:36,0
FN:36,MockERC4626.asset
FNDA:0,MockERC4626.asset
DA:37,0
DA:40,1
FN:40,MockERC4626.name.1
FNDA:1,MockERC4626.name.1
DA:41,1
DA:44,1
FN:44,MockERC4626.symbol.1
FNDA:1,MockERC4626.symbol.1
DA:45,1
DA:48,6
FN:48,MockERC4626.decimals
FNDA:6,MockERC4626.decimals
DA:49,6
FNF:7
FNH:3
LF:14
LH:6
BRF:0
BRH:0
end_of_record
TN:
SF:test/fork/BaseVaultsTest.t.sol
DA:12,20
FN:12,BaseVaultsTest._getPoolManager
FNDA:20,BaseVaultsTest._getPoolManager
DA:13,20
DA:16,20
FN:16,BaseVaultsTest.setUp
FNDA:20,BaseVaultsTest.setUp
DA:17,20
DA:18,20
DA:20,20
DA:23,100000
FN:23,BaseVaultsTest._mintYieldToVaults
FNDA:100000,BaseVaultsTest._mintYieldToVaults
DA:24,100000
DA:25,100000
DA:27,100000
DA:28,100000
DA:30,100000
DA:33,50000
FN:33,BaseVaultsTest._mintYieldToMixedVault
FNDA:50000,BaseVaultsTest._mintYieldToMixedVault
DA:34,50000
DA:35,50000
DA:37,50000
DA:39,50000
DA:42,320000
FN:42,BaseVaultsTest._getCurrentPrice
FNDA:320000,BaseVaultsTest._getCurrentPrice
DA:43,320000
DA:44,320000
FNF:5
FNH:5
LF:20
LH:20
BRF:0
BRH:0
end_of_record
TN:
SF:test/fork/aave/AaveVaults.t.sol
DA:18,0
FN:18,AaveVaultsTest.setUpVaults
FNDA:0,AaveVaultsTest.setUpVaults
DA:19,40000
DA:22,40000
FN:22,AaveVaultsTest._getUnderlyingVaults
FNDA:40000,AaveVaultsTest._getUnderlyingVaults
DA:23,40000
DA:29,40000
FN:29,AaveVaultsTest._getMixedAssetsInfo
FNDA:40000,AaveVaultsTest._getMixedAssetsInfo
DA:30,40000
DA:36,80000
FN:36,AaveVaultsTest._getInitialPrice
FNDA:80000,AaveVaultsTest._getInitialPrice
DA:37,80000
DA:40,50000
FN:40,AaveVaultsTest._deposit
FNDA:50000,AaveVaultsTest._deposit
DA:41,50000
DA:42,50000
DA:43,50000
DA:45,50000
DA:46,50000
DA:48,50000
DA:50,50000
DA:52,50000
DA:59,50000
FNF:5
FNH:4
LF:18
LH:17
BRF:0
BRH:0
end_of_record
TN:
SF:test/fork/aave/sparkLend.t.sol
DA:18,0
FN:18,SparkLendTest.setUpVaults
FNDA:0,SparkLendTest.setUpVaults
DA:19,40000
DA:22,40000
FN:22,SparkLendTest._getUnderlyingVaults
FNDA:40000,SparkLendTest._getUnderlyingVaults
DA:23,40000
DA:29,40000
FN:29,SparkLendTest._getMixedAssetsInfo
FNDA:40000,SparkLendTest._getMixedAssetsInfo
DA:30,40000
DA:36,80000
FN:36,SparkLendTest._getInitialPrice
FNDA:80000,SparkLendTest._getInitialPrice
DA:37,80000
DA:40,50000
FN:40,SparkLendTest._deposit
FNDA:50000,SparkLendTest._deposit
DA:41,50000
DA:42,50000
DA:43,50000
DA:45,50000
DA:46,50000
DA:48,50000
DA:50,50000
DA:52,50000
DA:59,50000
FNF:5
FNH:4
LF:18
LH:17
BRF:0
BRH:0
end_of_record
TN:
SF:test/fork/erc4626Vaults/EulerERC4626Vaults.t.sol
DA:9,0
FN:9,EulerVaultsTest.setUpVaults
FNDA:0,EulerVaultsTest.setUpVaults
DA:10,40000
DA:13,40000
FN:13,EulerVaultsTest._getUnderlyingVaults
FNDA:40000,EulerVaultsTest._getUnderlyingVaults
DA:14,40000
DA:20,40000
FN:20,EulerVaultsTest._getMixedAssetsInfo
FNDA:40000,EulerVaultsTest._getMixedAssetsInfo
DA:21,40000
DA:27,80000
FN:27,EulerVaultsTest._getInitialPrice
FNDA:80000,EulerVaultsTest._getInitialPrice
DA:28,80000
FNF:4
FNH:3
LF:8
LH:7
BRF:0
BRH:0
end_of_record
TN:
SF:test/fork/erc4626Vaults/MorphoERC4626Vaults.t.sol
DA:9,0
FN:9,MorphoVaultsTest.setUpVaults
FNDA:0,MorphoVaultsTest.setUpVaults
DA:10,40000
DA:13,40000
FN:13,MorphoVaultsTest._getUnderlyingVaults
FNDA:40000,MorphoVaultsTest._getUnderlyingVaults
DA:14,40000
DA:20,40000
FN:20,MorphoVaultsTest._getMixedAssetsInfo
FNDA:40000,MorphoVaultsTest._getMixedAssetsInfo
DA:21,40000
DA:27,80000
FN:27,MorphoVaultsTest._getInitialPrice
FNDA:80000,MorphoVaultsTest._getInitialPrice
DA:28,80000
FNF:4
FNH:3
LF:8
LH:7
BRF:0
BRH:0
end_of_record
TN:
SF:test/periphery/Base/BaseAssetToVaultWrapperHelper.t.sol
DA:18,30000
FN:18,MockAssetToVaultWrapperHelper.deposit
FNDA:30000,MockAssetToVaultWrapperHelper.deposit
DA:26,30000
DA:29,10000
FN:29,MockAssetToVaultWrapperHelper.redeem
FNDA:10000,MockAssetToVaultWrapperHelper.redeem
DA:33,10000
DA:36,10000
FN:36,MockAssetToVaultWrapperHelper.mint
FNDA:10000,MockAssetToVaultWrapperHelper.mint
DA:44,10000
DA:47,10000
FN:47,MockAssetToVaultWrapperHelper.withdraw
FNDA:10000,MockAssetToVaultWrapperHelper.withdraw
DA:51,10000
FNF:4
FNH:4
LF:8
LH:8
BRF:0
BRH:0
end_of_record
TN:
SF:test/periphery/InvertSqrtPriceLimit.t.sol
DA:8,40000
FN:8,InvertSqrtPriceLimit.invertSqrtPriceX96
FNDA:40000,InvertSqrtPriceLimit.invertSqrtPriceX96
DA:9,40000
DA:10,40000
BRDA:10,0,0,9390
DA:11,9390
DA:13,30610
BRDA:13,1,0,-
DA:14,0
FNF:1
FNH:1
LF:6
LH:5
BRF:2
BRH:1
end_of_record
TN:
SF:test/utils/MockERC20.sol
DA:9,4689726
FN:9,MockERC20.mint
FNDA:4689726,MockERC20.mint
DA:10,4689726
DA:13,88385
FN:13,MockERC20.burn
FNDA:88385,MockERC20.burn
DA:14,88385
FNF:2
FNH:2
LF:4
LH:4
BRF:0
BRH:0
end_of_record
TN:
SF:test/utils/MockERC4626.sol
DA:11,180810
FN:11,MockERC4626.UNDERLYING_ASSET_ADDRESS
FNDA:180810,MockERC4626.UNDERLYING_ASSET_ADDRESS
DA:12,180810
DA:15,88385
FN:15,MockERC4626.totalAssets
FNDA:88385,MockERC4626.totalAssets
DA:16,7779006
DA:20,160000
FN:20,MockERC4626.convertToShares
FNDA:160000,MockERC4626.convertToShares
DA:21,5308783
DA:23,5308783
DA:26,668385
FN:26,MockERC4626.convertToAssets
FNDA:668385,MockERC4626.convertToAssets
DA:27,2926933
DA:29,2926933
DA:32,150000
FN:32,MockERC4626.previewMint
FNDA:150000,MockERC4626.previewMint
DA:33,199986
DA:35,199986
DA:38,184979
FN:38,MockERC4626.previewWithdraw
FNDA:184979,MockERC4626.previewWithdraw
DA:39,194979
DA:41,194979
FNF:6
FNH:6
LF:16
LH:16
BRF:0
BRH:0
end_of_record
TN:
SF:test/utils/libraries/FeeMath.sol
DA:26,140000
FN:26,FeeMath.getFeesOwed.0
FNDA:140000,FeeMath.getFeesOwed.0
DA:31,140000
DA:34,140000
DA:35,140000
DA:37,140000
DA:38,140000
DA:40,140000
DA:45,140000
FN:45,FeeMath.getFeesOwed.1
FNDA:140000,FeeMath.getFeesOwed.1
DA:52,140000
DA:53,140000
DA:54,140000
DA:57,280000
FN:57,FeeMath.getFeeOwed
FNDA:280000,FeeMath.getFeeOwed
DA:62,280000
FNF:3
FNH:3
LF:13
LH:13
BRF:0
BRH:0
end_of_record
